Build started 3/4/2013 7:56:41 PM.
     1>Project "C:\Users\Hao\Documents\Visual Studio 2012\Projects\BoardGame\BoardGame\BoardGame.vcxproj" on node 2 (Build target(s)).
     1>ClCompile:
         C:\Program Files (x86)\Microsoft Visual Studio 11.0\VC\bin\CL.exe /c /IC:\Users\Hao\Desktop\SB5\SB5\Src\GLTools\include /I"C:\Users\Hao\Desktop\SB5\SB5\freeglut-2.6.0\include" /ZI /nologo /W3 /WX- /Od /Oy- /D WIN32 /D _DEBUG /D _CONSOLE /D _UNICODE /D UNICODE /Gm /EHsc /RTC1 /MDd /GS /fp:precise /Zc:wchar_t /Zc:forScope /Fo"Debug\\" /Fd"Debug\vc110.pdb" /Gd /TP /analyze- /errorReport:prompt Board.cpp
         Board.cpp
     1>c:\users\hao\documents\visual studio 2012\projects\boardgame\boardgame\board.cpp(128): warning C4244: '=' : conversion from 'GLfloat' to 'GLint', possible loss of data
     1>c:\users\hao\documents\visual studio 2012\projects\boardgame\boardgame\board.cpp(131): warning C4244: '=' : conversion from 'GLfloat' to 'GLint', possible loss of data
       Link:
         C:\Program Files (x86)\Microsoft Visual Studio 11.0\VC\bin\link.exe /ERRORREPORT:PROMPT /OUT:"C:\Users\Hao\Documents\Visual Studio 2012\Projects\BoardGame\Debug\BoardGame.exe" /INCREMENTAL /NOLOGO kernel32.lib user32.lib gdi32.lib winspool.lib comdlg32.lib advapi32.lib shell32.lib ole32.lib oleaut32.lib uuid.lib odbc32.lib odbccp32.lib freeglut_static.lib GLTools.lib kernel32.lib user32.lib gdi32.lib winspool.lib comdlg32.lib advapi32.lib shell32.lib ole32.lib oleaut32.lib uuid.lib odbc32.lib odbccp32.lib /MANIFEST /MANIFESTUAC:"level='asInvoker' uiAccess='false'" /manifest:embed /DEBUG /PDB:"C:\Users\Hao\Documents\Visual Studio 2012\Projects\BoardGame\Debug\BoardGame.pdb" /SUBSYSTEM:CONSOLE /TLBID:1 /DYNAMICBASE /NXCOMPAT /IMPLIB:"C:\Users\Hao\Documents\Visual Studio 2012\Projects\BoardGame\Debug\BoardGame.lib" /MACHINE:X86 Debug\Board.obj
         Debug\Hexagon.obj
         Debug\HexLine.obj
         Debug\HexulusBoard.obj
         Debug\main.obj
         Debug\Ultilities.obj
         "..\..\..\..\..\Desktop\SB5\SB5\freeglut-2.6.0\VisualStudio2008Static\Release\freeglut_static.lib"
         ..\..\..\..\..\Desktop\SB5\SB5\VisualStudio2008\GLTools\Release\gltools.lib
         BoardGame.vcxproj -> C:\Users\Hao\Documents\Visual Studio 2012\Projects\BoardGame\Debug\BoardGame.exe
     1>Done Building Project "C:\Users\Hao\Documents\Visual Studio 2012\Projects\BoardGame\BoardGame\BoardGame.vcxproj" (Build target(s)).

Build succeeded.

Time Elapsed 00:00:01.80
