C:\USERS\HAO\DOCUMENTS\VISUAL STUDIO 2012\PROJECTS\BOARDGAME\BOARDGAME\DEBUG\BOARD.OBJ
C:\USERS\HAO\DOCUMENTS\VISUAL STUDIO 2012\PROJECTS\BOARDGAME\BOARDGAME\DEBUG\HEXLINE.OBJ
C:\USERS\HAO\DOCUMENTS\VISUAL STUDIO 2012\PROJECTS\BOARDGAME\BOARDGAME\DEBUG\MAIN.OBJ
C:\USERS\HAO\DOCUMENTS\VISUAL STUDIO 2012\PROJECTS\BOARDGAME\BOARDGAME\DEBUG\VC110.PDB
C:\USERS\HAO\DOCUMENTS\VISUAL STUDIO 2012\PROJECTS\BOARDGAME\BOARDGAME\DEBUG\HEXAGON.OBJ
C:\USERS\HAO\DOCUMENTS\VISUAL STUDIO 2012\PROJECTS\BOARDGAME\BOARDGAME\DEBUG\ULTILITIES.OBJ
C:\USERS\HAO\DOCUMENTS\VISUAL STUDIO 2012\PROJECTS\BOARDGAME\BOARDGAME\DEBUG\HEXULUSBOARD.OBJ
C:\USERS\HAO\DOCUMENTS\VISUAL STUDIO 2012\PROJECTS\BOARDGAME\BOARDGAME\DEBUG\ENVIRONMENT.OBJ
C:\USERS\HAO\DOCUMENTS\VISUAL STUDIO 2012\PROJECTS\BOARDGAME\DEBUG\BOARDGAME.ILK
C:\USERS\HAO\DOCUMENTS\VISUAL STUDIO 2012\PROJECTS\BOARDGAME\DEBUG\BOARDGAME.EXE
C:\USERS\HAO\DOCUMENTS\VISUAL STUDIO 2012\PROJECTS\BOARDGAME\DEBUG\BOARDGAME.PDB
C:\Users\Hao\documents\visual studio 2012\Projects\BoardGame\BoardGame\Debug\Board.obj
C:\Users\Hao\documents\visual studio 2012\Projects\BoardGame\BoardGame\Debug\Environment.obj
C:\Users\Hao\documents\visual studio 2012\Projects\BoardGame\BoardGame\Debug\Hexagon.obj
C:\Users\Hao\documents\visual studio 2012\Projects\BoardGame\BoardGame\Debug\HexLine.obj
C:\Users\Hao\documents\visual studio 2012\Projects\BoardGame\BoardGame\Debug\HexulusBoard.obj
C:\Users\Hao\documents\visual studio 2012\Projects\BoardGame\BoardGame\Debug\main.obj
C:\Users\Hao\documents\visual studio 2012\Projects\BoardGame\BoardGame\Debug\Ultilities.obj
C:\Users\Hao\documents\visual studio 2012\Projects\BoardGame\BoardGame\Debug\cl.command.1.tlog
C:\Users\Hao\documents\visual studio 2012\Projects\BoardGame\BoardGame\Debug\CL.read.1.tlog
C:\Users\Hao\documents\visual studio 2012\Projects\BoardGame\BoardGame\Debug\CL.write.1.tlog
C:\Users\Hao\documents\visual studio 2012\Projects\BoardGame\BoardGame\Debug\link-cvtres.read.1.tlog
C:\Users\Hao\documents\visual studio 2012\Projects\BoardGame\BoardGame\Debug\link-cvtres.write.1.tlog
C:\Users\Hao\documents\visual studio 2012\Projects\BoardGame\BoardGame\Debug\link-rc.read.1.tlog
C:\Users\Hao\documents\visual studio 2012\Projects\BoardGame\BoardGame\Debug\link-rc.write.1.tlog
C:\Users\Hao\documents\visual studio 2012\Projects\BoardGame\BoardGame\Debug\link.1656-cvtres.read.1.tlog
C:\Users\Hao\documents\visual studio 2012\Projects\BoardGame\BoardGame\Debug\link.1656-cvtres.write.1.tlog
C:\Users\Hao\documents\visual studio 2012\Projects\BoardGame\BoardGame\Debug\link.1656-rc.read.1.tlog
C:\Users\Hao\documents\visual studio 2012\Projects\BoardGame\BoardGame\Debug\link.1656-rc.write.1.tlog
C:\Users\Hao\documents\visual studio 2012\Projects\BoardGame\BoardGame\Debug\link.1656.read.1.tlog
C:\Users\Hao\documents\visual studio 2012\Projects\BoardGame\BoardGame\Debug\link.1656.write.1.tlog
C:\Users\Hao\documents\visual studio 2012\Projects\BoardGame\BoardGame\Debug\link.1660-cvtres.read.1.tlog
C:\Users\Hao\documents\visual studio 2012\Projects\BoardGame\BoardGame\Debug\link.1660-cvtres.write.1.tlog
C:\Users\Hao\documents\visual studio 2012\Projects\BoardGame\BoardGame\Debug\link.1660-rc.read.1.tlog
C:\Users\Hao\documents\visual studio 2012\Projects\BoardGame\BoardGame\Debug\link.1660-rc.write.1.tlog
C:\Users\Hao\documents\visual studio 2012\Projects\BoardGame\BoardGame\Debug\link.1660.read.1.tlog
C:\Users\Hao\documents\visual studio 2012\Projects\BoardGame\BoardGame\Debug\link.1660.write.1.tlog
C:\Users\Hao\documents\visual studio 2012\Projects\BoardGame\BoardGame\Debug\link.2192-cvtres.read.1.tlog
C:\Users\Hao\documents\visual studio 2012\Projects\BoardGame\BoardGame\Debug\link.2192-cvtres.write.1.tlog
C:\Users\Hao\documents\visual studio 2012\Projects\BoardGame\BoardGame\Debug\link.2192-rc.read.1.tlog
C:\Users\Hao\documents\visual studio 2012\Projects\BoardGame\BoardGame\Debug\link.2192-rc.write.1.tlog
C:\Users\Hao\documents\visual studio 2012\Projects\BoardGame\BoardGame\Debug\link.2192.read.1.tlog
C:\Users\Hao\documents\visual studio 2012\Projects\BoardGame\BoardGame\Debug\link.2192.write.1.tlog
C:\Users\Hao\documents\visual studio 2012\Projects\BoardGame\BoardGame\Debug\link.2244-cvtres.read.1.tlog
C:\Users\Hao\documents\visual studio 2012\Projects\BoardGame\BoardGame\Debug\link.2244-cvtres.write.1.tlog
C:\Users\Hao\documents\visual studio 2012\Projects\BoardGame\BoardGame\Debug\link.2244-rc.read.1.tlog
C:\Users\Hao\documents\visual studio 2012\Projects\BoardGame\BoardGame\Debug\link.2244-rc.write.1.tlog
C:\Users\Hao\documents\visual studio 2012\Projects\BoardGame\BoardGame\Debug\link.2244.read.1.tlog
C:\Users\Hao\documents\visual studio 2012\Projects\BoardGame\BoardGame\Debug\link.2244.write.1.tlog
C:\Users\Hao\documents\visual studio 2012\Projects\BoardGame\BoardGame\Debug\link.2452-cvtres.read.1.tlog
C:\Users\Hao\documents\visual studio 2012\Projects\BoardGame\BoardGame\Debug\link.2452-cvtres.write.1.tlog
C:\Users\Hao\documents\visual studio 2012\Projects\BoardGame\BoardGame\Debug\link.2452-rc.read.1.tlog
C:\Users\Hao\documents\visual studio 2012\Projects\BoardGame\BoardGame\Debug\link.2452-rc.write.1.tlog
C:\Users\Hao\documents\visual studio 2012\Projects\BoardGame\BoardGame\Debug\link.2452.read.1.tlog
C:\Users\Hao\documents\visual studio 2012\Projects\BoardGame\BoardGame\Debug\link.2452.write.1.tlog
C:\Users\Hao\documents\visual studio 2012\Projects\BoardGame\BoardGame\Debug\link.3228-cvtres.read.1.tlog
C:\Users\Hao\documents\visual studio 2012\Projects\BoardGame\BoardGame\Debug\link.3228-cvtres.write.1.tlog
C:\Users\Hao\documents\visual studio 2012\Projects\BoardGame\BoardGame\Debug\link.3228-rc.read.1.tlog
C:\Users\Hao\documents\visual studio 2012\Projects\BoardGame\BoardGame\Debug\link.3228-rc.write.1.tlog
C:\Users\Hao\documents\visual studio 2012\Projects\BoardGame\BoardGame\Debug\link.3228.read.1.tlog
C:\Users\Hao\documents\visual studio 2012\Projects\BoardGame\BoardGame\Debug\link.3228.write.1.tlog
C:\Users\Hao\documents\visual studio 2012\Projects\BoardGame\BoardGame\Debug\link.3272-cvtres.read.1.tlog
C:\Users\Hao\documents\visual studio 2012\Projects\BoardGame\BoardGame\Debug\link.3272-cvtres.write.1.tlog
C:\Users\Hao\documents\visual studio 2012\Projects\BoardGame\BoardGame\Debug\link.3272-rc.read.1.tlog
C:\Users\Hao\documents\visual studio 2012\Projects\BoardGame\BoardGame\Debug\link.3272-rc.write.1.tlog
C:\Users\Hao\documents\visual studio 2012\Projects\BoardGame\BoardGame\Debug\link.3272.read.1.tlog
C:\Users\Hao\documents\visual studio 2012\Projects\BoardGame\BoardGame\Debug\link.3272.write.1.tlog
C:\Users\Hao\documents\visual studio 2012\Projects\BoardGame\BoardGame\Debug\link.3312-cvtres.read.1.tlog
C:\Users\Hao\documents\visual studio 2012\Projects\BoardGame\BoardGame\Debug\link.3312-cvtres.write.1.tlog
C:\Users\Hao\documents\visual studio 2012\Projects\BoardGame\BoardGame\Debug\link.3312-rc.read.1.tlog
C:\Users\Hao\documents\visual studio 2012\Projects\BoardGame\BoardGame\Debug\link.3312-rc.write.1.tlog
C:\Users\Hao\documents\visual studio 2012\Projects\BoardGame\BoardGame\Debug\link.3312.read.1.tlog
C:\Users\Hao\documents\visual studio 2012\Projects\BoardGame\BoardGame\Debug\link.3312.write.1.tlog
C:\Users\Hao\documents\visual studio 2012\Projects\BoardGame\BoardGame\Debug\link.3796-cvtres.read.1.tlog
C:\Users\Hao\documents\visual studio 2012\Projects\BoardGame\BoardGame\Debug\link.3796-cvtres.write.1.tlog
C:\Users\Hao\documents\visual studio 2012\Projects\BoardGame\BoardGame\Debug\link.3796-rc.read.1.tlog
C:\Users\Hao\documents\visual studio 2012\Projects\BoardGame\BoardGame\Debug\link.3796-rc.write.1.tlog
C:\Users\Hao\documents\visual studio 2012\Projects\BoardGame\BoardGame\Debug\link.3796.read.1.tlog
C:\Users\Hao\documents\visual studio 2012\Projects\BoardGame\BoardGame\Debug\link.3796.write.1.tlog
C:\Users\Hao\documents\visual studio 2012\Projects\BoardGame\BoardGame\Debug\link.3972-cvtres.read.1.tlog
C:\Users\Hao\documents\visual studio 2012\Projects\BoardGame\BoardGame\Debug\link.3972-cvtres.write.1.tlog
C:\Users\Hao\documents\visual studio 2012\Projects\BoardGame\BoardGame\Debug\link.3972-rc.read.1.tlog
C:\Users\Hao\documents\visual studio 2012\Projects\BoardGame\BoardGame\Debug\link.3972-rc.write.1.tlog
C:\Users\Hao\documents\visual studio 2012\Projects\BoardGame\BoardGame\Debug\link.3972.read.1.tlog
C:\Users\Hao\documents\visual studio 2012\Projects\BoardGame\BoardGame\Debug\link.3972.write.1.tlog
C:\Users\Hao\documents\visual studio 2012\Projects\BoardGame\BoardGame\Debug\link.3988-cvtres.read.1.tlog
C:\Users\Hao\documents\visual studio 2012\Projects\BoardGame\BoardGame\Debug\link.3988-cvtres.write.1.tlog
C:\Users\Hao\documents\visual studio 2012\Projects\BoardGame\BoardGame\Debug\link.3988-rc.read.1.tlog
C:\Users\Hao\documents\visual studio 2012\Projects\BoardGame\BoardGame\Debug\link.3988-rc.write.1.tlog
C:\Users\Hao\documents\visual studio 2012\Projects\BoardGame\BoardGame\Debug\link.3988.read.1.tlog
C:\Users\Hao\documents\visual studio 2012\Projects\BoardGame\BoardGame\Debug\link.3988.write.1.tlog
C:\Users\Hao\documents\visual studio 2012\Projects\BoardGame\BoardGame\Debug\link.4040-cvtres.read.1.tlog
C:\Users\Hao\documents\visual studio 2012\Projects\BoardGame\BoardGame\Debug\link.4040-cvtres.write.1.tlog
C:\Users\Hao\documents\visual studio 2012\Projects\BoardGame\BoardGame\Debug\link.4040-rc.read.1.tlog
C:\Users\Hao\documents\visual studio 2012\Projects\BoardGame\BoardGame\Debug\link.4040-rc.write.1.tlog
C:\Users\Hao\documents\visual studio 2012\Projects\BoardGame\BoardGame\Debug\link.4040.read.1.tlog
C:\Users\Hao\documents\visual studio 2012\Projects\BoardGame\BoardGame\Debug\link.4040.write.1.tlog
C:\Users\Hao\documents\visual studio 2012\Projects\BoardGame\BoardGame\Debug\link.4168-cvtres.read.1.tlog
C:\Users\Hao\documents\visual studio 2012\Projects\BoardGame\BoardGame\Debug\link.4168-cvtres.write.1.tlog
C:\Users\Hao\documents\visual studio 2012\Projects\BoardGame\BoardGame\Debug\link.4168-rc.read.1.tlog
C:\Users\Hao\documents\visual studio 2012\Projects\BoardGame\BoardGame\Debug\link.4168-rc.write.1.tlog
C:\Users\Hao\documents\visual studio 2012\Projects\BoardGame\BoardGame\Debug\link.4168.read.1.tlog
C:\Users\Hao\documents\visual studio 2012\Projects\BoardGame\BoardGame\Debug\link.4168.write.1.tlog
C:\Users\Hao\documents\visual studio 2012\Projects\BoardGame\BoardGame\Debug\link.command.1.tlog
C:\Users\Hao\documents\visual studio 2012\Projects\BoardGame\BoardGame\Debug\link.read.1.tlog
C:\Users\Hao\documents\visual studio 2012\Projects\BoardGame\BoardGame\Debug\link.write.1.tlog
C:\Users\Hao\documents\visual studio 2012\Projects\BoardGame\BoardGame\Debug\vc110.idb
C:\Users\Hao\documents\visual studio 2012\Projects\BoardGame\BoardGame\Debug\vc110.pdb
C:\Users\Hao\documents\visual studio 2012\Projects\BoardGame\Debug\BoardGame.pdb
C:\Users\Hao\documents\visual studio 2012\Projects\BoardGame\Debug\BoardGame.exe
C:\Users\Hao\documents\visual studio 2012\Projects\BoardGame\Debug\BoardGame.ilk
